  [4;36;1mSQL (0.1ms)[0m   [0;1mSET NAMES 'utf8'[0m
  [4;35;1mSQL (0.1ms)[0m   [0mSET SQL_AUTO_IS_NULL=0[0m
  [4;36;1mSQL (0.3ms)[0m   [0;1mSHOW TABLES[0m
  [4;35;1mSQL (86.2ms)[0m   [0mCREATE TABLE `schema_migrations` (`version` varchar(255) NOT NULL) ENGINE=InnoDB[0m
  [4;36;1mSQL (0.4ms)[0m   [0;1mSHOW KEYS FROM `schema_migrations`[0m
  [4;35;1mSQL (215.7ms)[0m   [0mCREATE UNIQUE INDEX `unique_schema_migrations` ON `schema_migrations` (`version`)[0m
  [4;36;1mSQL (0.3ms)[0m   [0;1mSHOW TABLES[0m
  [4;35;1mSQL (0.4ms)[0m   [0mSELECT version FROM schema_migrations[0m
Migrating to CreateUsers (20110404035649)
  [4;36;1mSQL (106.4ms)[0m   [0;1mCREATE TABLE `users` (`id` int(11) DEFAULT NULL auto_increment PRIMARY KEY, `email` varchar(255), `created_at` datetime, `updated_at` datetime) ENGINE=InnoDB[0m
  [4;35;1mSQL (0.6ms)[0m   [0mINSERT INTO schema_migrations (version) VALUES ('20110404035649')[0m
  [4;36;1mSQL (0.4ms)[0m   [0;1mSHOW TABLES[0m
  [4;35;1mSQL (0.2ms)[0m   [0mSELECT version FROM schema_migrations[0m
  [4;36;1mSQL (0.2ms)[0m   [0;1mSHOW TABLES[0m
  [4;35;1mSQL (5.2ms)[0m   [0mSHOW FIELDS FROM `users`[0m
  [4;36;1mSQL (1.5ms)[0m   [0;1mdescribe `users`[0m
  [4;35;1mSQL (0.2ms)[0m   [0mSHOW KEYS FROM `users`[0m
  [4;36;1mSQL (0.3ms)[0m   [0;1mSET NAMES 'utf8'[0m
  [4;35;1mSQL (0.1ms)[0m   [0mSET SQL_AUTO_IS_NULL=0[0m


Processing UsersController#index (for 127.0.0.1 at 2011-04-04 13:58:36) [GET]
  [4;36;1mUser Load (0.4ms)[0m   [0;1mSELECT * FROM `users` [0m
Rendering template within layouts/application
Rendering users/index
Completed in 16ms (View: 12, DB: 1) | 200 OK [http://localhost/]
  [4;35;1mSQL (0.1ms)[0m   [0mSET NAMES 'utf8'[0m
  [4;36;1mSQL (0.1ms)[0m   [0;1mSET SQL_AUTO_IS_NULL=0[0m


Processing UsersController#new (for 127.0.0.1 at 2011-04-04 13:58:38) [GET]
  [4;35;1mUser Columns (3.2ms)[0m   [0mSHOW FIELDS FROM `users`[0m
Rendering template within layouts/application
Rendering users/new
Rendered users/_form (38.8ms)
Completed in 58ms (View: 47, DB: 3) | 200 OK [http://localhost/users/new]
  [4;36;1mSQL (0.1ms)[0m   [0;1mSET NAMES 'utf8'[0m
  [4;35;1mSQL (0.1ms)[0m   [0mSET SQL_AUTO_IS_NULL=0[0m


Processing UsersController#create (for 127.0.0.1 at 2011-04-04 13:58:42) [POST]
  Parameters: {"commit"=>"Save changes", "authenticity_token"=>"5XW8v1jQLPhOEE6hzltDQ6JwsOczrYJ6GVhZCMcmyzs=", "user"=>{"email"=>"abraham.kuri@gmail.com"}}
  [4;36;1mUser Columns (5.2ms)[0m   [0;1mSHOW FIELDS FROM `users`[0m
  [4;35;1mSQL (0.1ms)[0m   [0mBEGIN[0m
  [4;36;1mUser Create (0.5ms)[0m   [0;1mINSERT INTO `users` (`created_at`, `updated_at`, `email`) VALUES('2011-04-04 03:58:43', '2011-04-04 03:58:43', 'abraham.kuri@gmail.com')[0m
  [4;35;1mSQL (0.6ms)[0m   [0mCOMMIT[0m
Redirected to http://localhost:3000/users/1
Completed in 26ms (DB: 7) | 302 Found [http://localhost/users]
  [4;36;1mSQL (0.2ms)[0m   [0;1mSET NAMES 'utf8'[0m
  [4;35;1mSQL (0.3ms)[0m   [0mSET SQL_AUTO_IS_NULL=0[0m


Processing UsersController#show (for 127.0.0.1 at 2011-04-04 13:58:43) [GET]
  Parameters: {"id"=>"1"}
  [4;36;1mUser Columns (2.3ms)[0m   [0;1mSHOW FIELDS FROM `users`[0m
  [4;35;1mUser Load (0.5ms)[0m   [0mSELECT * FROM `users` WHERE (`users`.`id` = 1) [0m
Rendering template within layouts/application
Rendering users/show
Completed in 32ms (View: 21, DB: 3) | 200 OK [http://localhost/users/1]
  [4;36;1mSQL (1.8ms)[0m   [0;1mSET NAMES 'utf8'[0m
  [4;35;1mSQL (0.1ms)[0m   [0mSET SQL_AUTO_IS_NULL=0[0m


Processing UsersController#index (for 127.0.0.1 at 2011-04-04 13:58:45) [GET]
  [4;36;1mUser Load (0.3ms)[0m   [0;1mSELECT * FROM `users` [0m
Rendering template within layouts/application
Rendering users/index
  [4;35;1mUser Columns (2.4ms)[0m   [0mSHOW FIELDS FROM `users`[0m
Completed in 27ms (View: 19, DB: 5) | 200 OK [http://localhost/users]
  [4;36;1mSQL (0.1ms)[0m   [0;1mSET NAMES 'utf8'[0m
  [4;35;1mSQL (0.1ms)[0m   [0mSET SQL_AUTO_IS_NULL=0[0m


Processing UsersController#new (for 127.0.0.1 at 2011-04-04 13:58:46) [GET]
  [4;36;1mUser Columns (2.7ms)[0m   [0;1mSHOW FIELDS FROM `users`[0m
Rendering template within layouts/application
Rendering users/new
Rendered users/_form (11.5ms)
Completed in 27ms (View: 13, DB: 3) | 200 OK [http://localhost/users/new]
  [4;35;1mSQL (0.1ms)[0m   [0mSET NAMES 'utf8'[0m
  [4;36;1mSQL (0.1ms)[0m   [0;1mSET SQL_AUTO_IS_NULL=0[0m


Processing UsersController#create (for 127.0.0.1 at 2011-04-04 13:58:54) [POST]
  Parameters: {"commit"=>"Save changes", "authenticity_token"=>"5XW8v1jQLPhOEE6hzltDQ6JwsOczrYJ6GVhZCMcmyzs=", "user"=>{"email"=>"test@test.com"}}
  [4;35;1mUser Columns (4.6ms)[0m   [0mSHOW FIELDS FROM `users`[0m
  [4;36;1mSQL (0.1ms)[0m   [0;1mBEGIN[0m
  [4;35;1mUser Create (0.2ms)[0m   [0mINSERT INTO `users` (`created_at`, `updated_at`, `email`) VALUES('2011-04-04 03:58:54', '2011-04-04 03:58:54', 'test@test.com')[0m
  [4;36;1mSQL (0.8ms)[0m   [0;1mCOMMIT[0m
Redirected to http://localhost:3000/users/2
Completed in 25ms (DB: 6) | 302 Found [http://localhost/users]
  [4;35;1mSQL (0.1ms)[0m   [0mSET NAMES 'utf8'[0m
  [4;36;1mSQL (0.1ms)[0m   [0;1mSET SQL_AUTO_IS_NULL=0[0m


Processing UsersController#show (for 127.0.0.1 at 2011-04-04 13:58:54) [GET]
  Parameters: {"id"=>"2"}
  [4;35;1mUser Columns (3.9ms)[0m   [0mSHOW FIELDS FROM `users`[0m
  [4;36;1mUser Load (0.4ms)[0m   [0;1mSELECT * FROM `users` WHERE (`users`.`id` = 2) [0m
Rendering template within layouts/application
Rendering users/show
Completed in 19ms (View: 5, DB: 4) | 200 OK [http://localhost/users/2]
  [4;35;1mSQL (0.1ms)[0m   [0mSET NAMES 'utf8'[0m
  [4;36;1mSQL (0.1ms)[0m   [0;1mSET SQL_AUTO_IS_NULL=0[0m


Processing UsersController#index (for 127.0.0.1 at 2011-04-04 13:58:55) [GET]
  [4;35;1mUser Load (0.4ms)[0m   [0mSELECT * FROM `users` [0m
Rendering template within layouts/application
Rendering users/index
  [4;36;1mUser Columns (2.2ms)[0m   [0;1mSHOW FIELDS FROM `users`[0m
Completed in 17ms (View: 9, DB: 3) | 200 OK [http://localhost/users]
  [4;35;1mSQL (0.1ms)[0m   [0mSET NAMES 'utf8'[0m
  [4;36;1mSQL (0.1ms)[0m   [0;1mSET SQL_AUTO_IS_NULL=0[0m


Processing UsersController#index (for 127.0.0.1 at 2011-04-04 14:00:54) [GET]
  [4;35;1mUser Load (1.2ms)[0m   [0mSELECT * FROM `users` [0m
Rendering template within layouts/application
Rendering users/index
  [4;36;1mUser Columns (5.4ms)[0m   [0;1mSHOW FIELDS FROM `users`[0m

ActionView::TemplateError (wrong number of arguments (0 for 1)) on line #5 of app/views/layouts/application.html.erb:
2:   "http://www.w3.org/TR/xhtml1/DTD/xhtml1-strict.dtd">
3: <html xmlns="http://www.w3.org/1999/xhtml">
4:   <head>
5:     <title><%= title %></title>
6:     <%= stylesheet_link_tag 'application' %>
7:     <%= yield(:head) %>
8:   </head>

    app/views/layouts/application.html.erb:5:in `title'
    app/views/layouts/application.html.erb:5

Rendered rescues/_trace (184.1ms)
Rendered rescues/_request_and_response (1.1ms)
Rendering rescues/layout (internal_server_error)
  [4;36;1mSQL (0.1ms)[0m   [0;1mSET NAMES 'utf8'[0m
  [4;35;1mSQL (0.1ms)[0m   [0mSET SQL_AUTO_IS_NULL=0[0m


Processing UsersController#index (for 127.0.0.1 at 2011-04-04 14:01:11) [GET]
  [4;36;1mUser Load (0.4ms)[0m   [0;1mSELECT * FROM `users` [0m
Rendering template within layouts/application
Rendering users/index
  [4;35;1mUser Columns (42.4ms)[0m   [0mSHOW FIELDS FROM `users`[0m

ActionView::TemplateError (wrong number of arguments (0 for 1)) on line #5 of app/views/layouts/application.html.erb:
2:   "http://www.w3.org/TR/xhtml1/DTD/xhtml1-strict.dtd">
3: <html xmlns="http://www.w3.org/1999/xhtml">
4:   <head>
5:     <title><%= title %></title>
6:     <%= stylesheet_link_tag 'application' %>
7:     <%= yield(:head) %>
8:   </head>

    app/views/layouts/application.html.erb:5:in `title'
    app/views/layouts/application.html.erb:5

Rendered rescues/_trace (74.9ms)
Rendered rescues/_request_and_response (1.1ms)
Rendering rescues/layout (internal_server_error)
  [4;36;1mSQL (0.1ms)[0m   [0;1mSET NAMES 'utf8'[0m
  [4;35;1mSQL (0.1ms)[0m   [0mSET SQL_AUTO_IS_NULL=0[0m


Processing UsersController#index (for 127.0.0.1 at 2011-04-04 14:01:39) [GET]
  [4;36;1mUser Load (0.4ms)[0m   [0;1mSELECT * FROM `users` [0m
Rendering template within layouts/application
Rendering users/index

ActionView::TemplateError (wrong number of arguments (1 for 0)) on line #1 of app/views/users/index.html.erb:
1: <% title "Users" %>
2: 
3: <table>
4:   <tr>

    app/views/users/index.html.erb:1:in `title'
    app/views/users/index.html.erb:1

Rendered rescues/_trace (49.2ms)
Rendered rescues/_request_and_response (0.4ms)
Rendering rescues/layout (internal_server_error)
  [4;35;1mSQL (0.1ms)[0m   [0mSET NAMES 'utf8'[0m
  [4;36;1mSQL (0.4ms)[0m   [0;1mSET SQL_AUTO_IS_NULL=0[0m


Processing UsersController#index (for 127.0.0.1 at 2011-04-04 14:02:54) [GET]
  [4;35;1mUser Load (0.7ms)[0m   [0mSELECT * FROM `users` [0m
Rendering template within layouts/application
Rendering users/index
  [4;36;1mUser Columns (8.7ms)[0m   [0;1mSHOW FIELDS FROM `users`[0m

ActionView::TemplateError (wrong number of arguments (0 for 1)) on line #5 of app/views/layouts/application.html.erb:
2:   "http://www.w3.org/TR/xhtml1/DTD/xhtml1-strict.dtd">
3: <html xmlns="http://www.w3.org/1999/xhtml">
4:   <head>
5:     <title><%= title %></title>
6:     <%= stylesheet_link_tag 'application' %>
7:     <%= yield(:head) %>
8:   </head>

    app/views/layouts/application.html.erb:5:in `title'
    app/views/layouts/application.html.erb:5

Rendered rescues/_trace (221.2ms)
Rendered rescues/_request_and_response (0.3ms)
Rendering rescues/layout (internal_server_error)
  [4;35;1mSQL (0.1ms)[0m   [0mSET NAMES 'utf8'[0m
  [4;36;1mSQL (0.1ms)[0m   [0;1mSET SQL_AUTO_IS_NULL=0[0m


Processing UsersController#index (for 127.0.0.1 at 2011-04-04 14:03:14) [GET]
  [4;35;1mUser Load (0.4ms)[0m   [0mSELECT * FROM `users` [0m
Rendering template within layouts/application
Rendering users/index
  [4;36;1mUser Columns (4.4ms)[0m   [0;1mSHOW FIELDS FROM `users`[0m
Completed in 25ms (View: 13, DB: 5) | 200 OK [http://localhost/users]
  [4;35;1mSQL (0.1ms)[0m   [0mSET NAMES 'utf8'[0m
  [4;36;1mSQL (0.1ms)[0m   [0;1mSET SQL_AUTO_IS_NULL=0[0m


Processing UsersController#index (for 127.0.0.1 at 2011-04-04 14:06:34) [GET]
  [4;35;1mUser Load (0.3ms)[0m   [0mSELECT * FROM `users` [0m
Rendering template within layouts/application
Rendering users/index
  [4;36;1mUser Columns (4.9ms)[0m   [0;1mSHOW FIELDS FROM `users`[0m
Completed in 49ms (View: 33, DB: 5) | 200 OK [http://localhost/users]
  [4;35;1mSQL (0.1ms)[0m   [0mSET NAMES 'utf8'[0m
  [4;36;1mSQL (0.1ms)[0m   [0;1mSET SQL_AUTO_IS_NULL=0[0m


Processing UsersController#index (for 127.0.0.1 at 2011-04-04 14:06:57) [GET]
  [4;35;1mUser Load (0.4ms)[0m   [0mSELECT * FROM `users` [0m
Rendering template within layouts/application
Rendering users/index
  [4;36;1mUser Columns (2.1ms)[0m   [0;1mSHOW FIELDS FROM `users`[0m
Completed in 24ms (View: 14, DB: 3) | 200 OK [http://localhost/users]
  [4;35;1mSQL (0.1ms)[0m   [0mSET NAMES 'utf8'[0m
  [4;36;1mSQL (0.1ms)[0m   [0;1mSET SQL_AUTO_IS_NULL=0[0m


Processing UsersController#edit (for 127.0.0.1 at 2011-04-04 14:07:41) [GET]
  Parameters: {"id"=>"1"}
  [4;35;1mUser Columns (9.0ms)[0m   [0mSHOW FIELDS FROM `users`[0m
  [4;36;1mUser Load (1.8ms)[0m   [0;1mSELECT * FROM `users` WHERE (`users`.`id` = 1) [0m
Rendering template within layouts/application
Rendering users/edit
Rendered users/_form (6.7ms)
Completed in 38ms (View: 21, DB: 11) | 200 OK [http://localhost/users/1/edit]
  [4;35;1mSQL (0.1ms)[0m   [0mSET NAMES 'utf8'[0m
  [4;36;1mSQL (0.1ms)[0m   [0;1mSET SQL_AUTO_IS_NULL=0[0m


Processing UsersController#update (for 127.0.0.1 at 2011-04-04 14:07:45) [PUT]
  Parameters: {"commit"=>"Save changes", "authenticity_token"=>"5XW8v1jQLPhOEE6hzltDQ6JwsOczrYJ6GVhZCMcmyzs=", "id"=>"1", "user"=>{"email"=>"abraham.kuri@gmail.co"}}
  [4;35;1mUser Columns (3.9ms)[0m   [0mSHOW FIELDS FROM `users`[0m
  [4;36;1mUser Load (0.7ms)[0m   [0;1mSELECT * FROM `users` WHERE (`users`.`id` = 1) [0m
  [4;35;1mSQL (0.1ms)[0m   [0mBEGIN[0m
  [4;36;1mUser Update (27.1ms)[0m   [0;1mUPDATE `users` SET `updated_at` = '2011-04-04 04:07:45', `email` = 'abraham.kuri@gmail.co' WHERE `id` = 1[0m
  [4;35;1mSQL (24.1ms)[0m   [0mCOMMIT[0m
Redirected to http://localhost:3000/users/1
Completed in 78ms (DB: 56) | 302 Found [http://localhost/users/1]
  [4;36;1mSQL (0.1ms)[0m   [0;1mSET NAMES 'utf8'[0m
  [4;35;1mSQL (0.1ms)[0m   [0mSET SQL_AUTO_IS_NULL=0[0m


Processing UsersController#show (for 127.0.0.1 at 2011-04-04 14:07:46) [GET]
  Parameters: {"id"=>"1"}
  [4;36;1mUser Columns (5.3ms)[0m   [0;1mSHOW FIELDS FROM `users`[0m
  [4;35;1mUser Load (0.7ms)[0m   [0mSELECT * FROM `users` WHERE (`users`.`id` = 1) [0m
Rendering template within layouts/application
Rendering users/show
Completed in 122ms (View: 107, DB: 6) | 200 OK [http://localhost/users/1]
  [4;36;1mSQL (0.1ms)[0m   [0;1mSET NAMES 'utf8'[0m
  [4;35;1mSQL (1.3ms)[0m   [0mSET SQL_AUTO_IS_NULL=0[0m


Processing UsersController#index (for 127.0.0.1 at 2011-04-04 14:07:49) [GET]
  [4;36;1mUser Load (0.3ms)[0m   [0;1mSELECT * FROM `users` [0m
Rendering template within layouts/application
Rendering users/index
  [4;35;1mUser Columns (3.7ms)[0m   [0mSHOW FIELDS FROM `users`[0m
Completed in 30ms (View: 14, DB: 5) | 200 OK [http://localhost/users]
  [4;36;1mSQL (0.1ms)[0m   [0;1mSET NAMES 'utf8'[0m
  [4;35;1mSQL (0.1ms)[0m   [0mSET SQL_AUTO_IS_NULL=0[0m


Processing UsersController#new (for 127.0.0.1 at 2011-04-04 14:11:53) [GET]
  [4;36;1mUser Columns (1.6ms)[0m   [0;1mSHOW FIELDS FROM `users`[0m
Rendering template within layouts/application
Rendering users/new
Rendered users/_form (5.6ms)
Completed in 27ms (View: 14, DB: 2) | 200 OK [http://localhost/users/new]
  [4;35;1mSQL (0.1ms)[0m   [0mSET NAMES 'utf8'[0m
  [4;36;1mSQL (0.1ms)[0m   [0;1mSET SQL_AUTO_IS_NULL=0[0m


Processing UsersController#create (for 127.0.0.1 at 2011-04-04 14:11:57) [POST]
  Parameters: {"commit"=>"Save changes", "authenticity_token"=>"5XW8v1jQLPhOEE6hzltDQ6JwsOczrYJ6GVhZCMcmyzs=", "user"=>{"email"=>""}}
  [4;35;1mUser Columns (2.6ms)[0m   [0mSHOW FIELDS FROM `users`[0m
  [4;36;1mSQL (0.1ms)[0m   [0;1mBEGIN[0m
  [4;35;1mSQL (0.1ms)[0m   [0mROLLBACK[0m
Rendering template within layouts/application
Rendering users/new
Rendered users/_form (16.3ms)
Completed in 37ms (View: 25, DB: 3) | 200 OK [http://localhost/users]
  [4;36;1mSQL (0.4ms)[0m   [0;1mSET NAMES 'utf8'[0m
  [4;35;1mSQL (0.1ms)[0m   [0mSET SQL_AUTO_IS_NULL=0[0m


Processing UsersController#index (for 127.0.0.1 at 2011-04-04 14:13:53) [GET]
  [4;36;1mUser Load (0.3ms)[0m   [0;1mSELECT * FROM `users` [0m
Rendering template within layouts/application
Rendering users/index
  [4;35;1mUser Columns (3.8ms)[0m   [0mSHOW FIELDS FROM `users`[0m
Completed in 23ms (View: 11, DB: 5) | 200 OK [http://localhost/users]
  [4;36;1mSQL (0.1ms)[0m   [0;1mSET NAMES 'utf8'[0m
  [4;35;1mSQL (0.1ms)[0m   [0mSET SQL_AUTO_IS_NULL=0[0m


Processing UsersController#new (for 127.0.0.1 at 2011-04-04 14:13:55) [GET]
  [4;36;1mUser Columns (2.9ms)[0m   [0;1mSHOW FIELDS FROM `users`[0m
Rendering template within layouts/application
Rendering users/new
Rendered users/_form (47.0ms)
Completed in 56ms (View: 49, DB: 3) | 200 OK [http://localhost/users/new]
  [4;35;1mSQL (0.1ms)[0m   [0mSET NAMES 'utf8'[0m
  [4;36;1mSQL (0.1ms)[0m   [0;1mSET SQL_AUTO_IS_NULL=0[0m


Processing UsersController#create (for 127.0.0.1 at 2011-04-04 14:13:58) [POST]
  Parameters: {"commit"=>"Save changes", "authenticity_token"=>"5XW8v1jQLPhOEE6hzltDQ6JwsOczrYJ6GVhZCMcmyzs=", "user"=>{"email"=>"anfioenfow"}}
  [4;35;1mUser Columns (5.1ms)[0m   [0mSHOW FIELDS FROM `users`[0m
  [4;36;1mSQL (0.1ms)[0m   [0;1mBEGIN[0m
  [4;35;1mSQL (0.1ms)[0m   [0mROLLBACK[0m
Rendering template within layouts/application
Rendering users/new
Rendered users/_form (39.4ms)
Completed in 54ms (View: 41, DB: 5) | 200 OK [http://localhost/users]
  [4;36;1mSQL (0.1ms)[0m   [0;1mSET NAMES 'utf8'[0m
  [4;35;1mSQL (0.1ms)[0m   [0mSET SQL_AUTO_IS_NULL=0[0m
  [4;36;1mSQL (0.3ms)[0m   [0;1mSHOW TABLES[0m
  [4;35;1mSQL (3.6ms)[0m   [0mSELECT version FROM schema_migrations[0m
Migrating to CreateUsers (20110404035649)
Migrating to AddEmailUniquenessIndex (20110404041535)
  [4;36;1mSQL (0.4ms)[0m   [0;1mSHOW KEYS FROM `users`[0m
  [4;35;1mSQL (216.3ms)[0m   [0mCREATE UNIQUE INDEX `index_users_on_email` ON `users` (`email`)[0m
  [4;36;1mSQL (0.6ms)[0m   [0;1mINSERT INTO schema_migrations (version) VALUES ('20110404041535')[0m
  [4;35;1mSQL (0.4ms)[0m   [0mSHOW TABLES[0m
  [4;36;1mSQL (0.2ms)[0m   [0;1mSELECT version FROM schema_migrations[0m
  [4;35;1mSQL (0.9ms)[0m   [0mSHOW TABLES[0m
  [4;36;1mSQL (5.5ms)[0m   [0;1mSHOW FIELDS FROM `users`[0m
  [4;35;1mSQL (3.1ms)[0m   [0mdescribe `users`[0m
  [4;36;1mSQL (0.3ms)[0m   [0;1mSHOW KEYS FROM `users`[0m
  [4;36;1mSQL (0.1ms)[0m   [0;1mSET NAMES 'utf8'[0m
  [4;35;1mSQL (0.1ms)[0m   [0mSET SQL_AUTO_IS_NULL=0[0m


Processing UsersController#index (for 127.0.0.1 at 2011-04-04 14:19:08) [GET]
  [4;36;1mUser Load (0.8ms)[0m   [0;1mSELECT * FROM `users` [0m
Rendering template within layouts/application
Rendering users/index
  [4;35;1mUser Columns (5.7ms)[0m   [0mSHOW FIELDS FROM `users`[0m
Completed in 34ms (View: 20, DB: 7) | 200 OK [http://localhost/users]
  [4;36;1mSQL (2.0ms)[0m   [0;1mSET NAMES 'utf8'[0m
  [4;35;1mSQL (0.1ms)[0m   [0mSET SQL_AUTO_IS_NULL=0[0m


Processing UsersController#new (for 127.0.0.1 at 2011-04-04 14:19:28) [GET]
  [4;36;1mUser Columns (2.3ms)[0m   [0;1mSHOW FIELDS FROM `users`[0m
Rendering template within layouts/application
Rendering users/new
Rendered users/_form (5.8ms)
Completed in 14ms (View: 8, DB: 4) | 200 OK [http://localhost/users/new]
  [4;35;1mSQL (0.1ms)[0m   [0mSET NAMES 'utf8'[0m
  [4;36;1mSQL (0.1ms)[0m   [0;1mSET SQL_AUTO_IS_NULL=0[0m


Processing UsersController#index (for 127.0.0.1 at 2011-04-04 14:19:30) [GET]
  [4;35;1mUser Load (0.5ms)[0m   [0mSELECT * FROM `users` [0m
Rendering template within layouts/application
Rendering users/index
  [4;36;1mUser Columns (6.2ms)[0m   [0;1mSHOW FIELDS FROM `users`[0m
Completed in 30ms (View: 12, DB: 7) | 200 OK [http://localhost/users]
  [4;35;1mSQL (0.4ms)[0m   [0mSET NAMES 'utf8'[0m
  [4;36;1mSQL (0.1ms)[0m   [0;1mSET SQL_AUTO_IS_NULL=0[0m


Processing UsersController#show (for 127.0.0.1 at 2011-04-04 14:20:42) [GET]
  Parameters: {"id"=>"1"}
  [4;35;1mUser Columns (2.9ms)[0m   [0mSHOW FIELDS FROM `users`[0m
  [4;36;1mUser Load (0.3ms)[0m   [0;1mSELECT * FROM `users` WHERE (`users`.`id` = 1) [0m
Rendering template within layouts/application
Rendering users/show
Completed in 17ms (View: 9, DB: 4) | 200 OK [http://localhost/users/1]
  [4;35;1mSQL (0.1ms)[0m   [0mSET NAMES 'utf8'[0m
  [4;36;1mSQL (0.1ms)[0m   [0;1mSET SQL_AUTO_IS_NULL=0[0m


Processing UsersController#index (for 127.0.0.1 at 2011-04-04 14:20:44) [GET]
  [4;35;1mUser Load (0.4ms)[0m   [0mSELECT * FROM `users` [0m
Rendering template within layouts/application
Rendering users/index
  [4;36;1mUser Columns (2.4ms)[0m   [0;1mSHOW FIELDS FROM `users`[0m
Completed in 25ms (View: 14, DB: 3) | 200 OK [http://localhost/users]
  [4;35;1mSQL (0.1ms)[0m   [0mSET NAMES 'utf8'[0m
  [4;36;1mSQL (0.1ms)[0m   [0;1mSET SQL_AUTO_IS_NULL=0[0m


Processing UsersController#show (for 127.0.0.1 at 2011-04-04 14:20:45) [GET]
  Parameters: {"id"=>"2"}
  [4;35;1mUser Columns (2.4ms)[0m   [0mSHOW FIELDS FROM `users`[0m
  [4;36;1mUser Load (0.5ms)[0m   [0;1mSELECT * FROM `users` WHERE (`users`.`id` = 2) [0m
Rendering template within layouts/application
Rendering users/show
Completed in 18ms (View: 8, DB: 3) | 200 OK [http://localhost/users/2]
  [4;36;1mSQL (0.1ms)[0m   [0;1mSET NAMES 'utf8'[0m
  [4;35;1mSQL (0.1ms)[0m   [0mSET SQL_AUTO_IS_NULL=0[0m
  [4;36;1mSQL (0.3ms)[0m   [0;1mSHOW TABLES[0m
  [4;35;1mSQL (0.2ms)[0m   [0mSELECT version FROM schema_migrations[0m
Migrating to CreateUsers (20110404035649)
Migrating to AddEmailUniquenessIndex (20110404041535)
  [4;36;1mSQL (0.4ms)[0m   [0;1mSHOW TABLES[0m
  [4;35;1mSQL (0.2ms)[0m   [0mSELECT version FROM schema_migrations[0m
  [4;36;1mSQL (0.2ms)[0m   [0;1mSHOW TABLES[0m
  [4;35;1mSQL (2.4ms)[0m   [0mSHOW FIELDS FROM `users`[0m
  [4;36;1mSQL (2.1ms)[0m   [0;1mdescribe `users`[0m
  [4;35;1mSQL (0.4ms)[0m   [0mSHOW KEYS FROM `users`[0m
  [4;36;1mSQL (0.3ms)[0m   [0;1mSET NAMES 'utf8'[0m
  [4;35;1mSQL (0.1ms)[0m   [0mSET SQL_AUTO_IS_NULL=0[0m
  [4;36;1mSQL (0.3ms)[0m   [0;1mSHOW TABLES[0m
  [4;35;1mSQL (0.2ms)[0m   [0mSELECT version FROM schema_migrations[0m
Migrating to CreateUsers (20110404035649)
Migrating to AddEmailUniquenessIndex (20110404041535)
Migrating to AddPasswordToUsers (20110404042759)
  [4;36;1mSQL (128.0ms)[0m   [0;1mALTER TABLE `users` ADD `encrypted_password` varchar(255)[0m
  [4;35;1mSQL (0.7ms)[0m   [0mINSERT INTO schema_migrations (version) VALUES ('20110404042759')[0m
  [4;36;1mSQL (0.6ms)[0m   [0;1mSHOW TABLES[0m
  [4;35;1mSQL (0.2ms)[0m   [0mSELECT version FROM schema_migrations[0m
  [4;36;1mSQL (0.2ms)[0m   [0;1mSHOW TABLES[0m
  [4;35;1mSQL (2.4ms)[0m   [0mSHOW FIELDS FROM `users`[0m
  [4;36;1mSQL (3.0ms)[0m   [0;1mdescribe `users`[0m
  [4;35;1mSQL (0.3ms)[0m   [0mSHOW KEYS FROM `users`[0m
  [4;36;1mSQL (0.1ms)[0m   [0;1mSET NAMES 'utf8'[0m
  [4;35;1mSQL (0.1ms)[0m   [0mSET SQL_AUTO_IS_NULL=0[0m
  [4;36;1mUser Columns (55.9ms)[0m   [0;1mSHOW FIELDS FROM `users`[0m
  [4;36;1mSQL (0.1ms)[0m   [0;1mSET NAMES 'utf8'[0m
  [4;35;1mSQL (0.1ms)[0m   [0mSET SQL_AUTO_IS_NULL=0[0m
  [4;36;1mSQL (10.0ms)[0m   [0;1mSHOW TABLES[0m
  [4;35;1mSQL (0.3ms)[0m   [0mSELECT version FROM schema_migrations[0m
Migrating to CreateUsers (20110404035649)
Migrating to AddEmailUniquenessIndex (20110404041535)
Migrating to AddPasswordToUsers (20110404042759)
Migrating to AddSaltToUsers (20110404043444)
  [4;36;1mSQL (184.6ms)[0m   [0;1mALTER TABLE `users` ADD `salt` varchar(255)[0m
  [4;35;1mSQL (0.5ms)[0m   [0mINSERT INTO schema_migrations (version) VALUES ('20110404043444')[0m
  [4;36;1mSQL (0.8ms)[0m   [0;1mSHOW TABLES[0m
  [4;35;1mSQL (0.6ms)[0m   [0mSELECT version FROM schema_migrations[0m
  [4;36;1mSQL (0.3ms)[0m   [0;1mSHOW TABLES[0m
  [4;35;1mSQL (17.8ms)[0m   [0mSHOW FIELDS FROM `users`[0m
  [4;36;1mSQL (1.6ms)[0m   [0;1mdescribe `users`[0m
  [4;35;1mSQL (0.3ms)[0m   [0mSHOW KEYS FROM `users`[0m
